

Version:	3.12
CmdLine:	D:\Users\User\Desktop\TuiUkrPushInMe-rofl\out\artifacts\TUI_jar\TUI.exe --l4j-debug
WOW64:		yes
Working dir:	D:\Users\User\Desktop\TuiUkrPushInMe-rofl\out\artifacts\TUI_jar\.
Java min ver:	1.000.000
Java max ver:	
64-bit search:	SOFTWARE\JavaSoft\Java Development Kit...
32-bit search:	SOFTWARE\JavaSoft\Java Development Kit...
64-bit search:	SOFTWARE\JavaSoft\JDK...
Check:		SOFTWARE\JavaSoft\JDK\13.0.1
Check launcher:	C:\Program Files\Java\jdk-13.0.1\bin\javaw.exe (OK)
Match:		1.013.000_001
Runtime used:	1.013.000_001 (64-bit)
Launcher:	C:\Program Files\Java\jdk-13.0.1\bin\javaw.exe
Launcher args:	-jar "D:\Users\User\Desktop\TuiUkrPushInMe-rofl\out\artifacts\TUI_jar\TUI.exe"
Args length:	78/32768 chars
Exit code:	0


Version:	3.12
CmdLine:	D:\Users\User\Desktop\TuiUkrPushInMe-rofl\out\artifacts\TUI_jar\TUI.exe --l4j-debug
WOW64:		yes
Working dir:	D:\Users\User\Desktop\TuiUkrPushInMe-rofl\out\artifacts\TUI_jar\.
Java min ver:	1.000.000
Java max ver:	
64-bit search:	SOFTWARE\JavaSoft\Java Development Kit...
32-bit search:	SOFTWARE\JavaSoft\Java Development Kit...
64-bit search:	SOFTWARE\JavaSoft\JDK...
Check:		SOFTWARE\JavaSoft\JDK\13.0.1
Check launcher:	C:\Program Files\Java\jdk-13.0.1\bin\javaw.exe (OK)
Match:		1.013.000_001
Runtime used:	1.013.000_001 (64-bit)
Launcher:	C:\Program Files\Java\jdk-13.0.1\bin\javaw.exe
Launcher args:	-jar "D:\Users\User\Desktop\TuiUkrPushInMe-rofl\out\artifacts\TUI_jar\TUI.exe"
Args length:	78/32768 chars
Exit code:	0
